Jan 30 05:15:44 Installed: perl-Pod-Perldoc-3.20-4.el7.noarch
Jan 30 05:15:44 Installed: 1:perl-Pod-Escapes-1.04-294.el7_6.noarch
Jan 30 05:15:44 Installed: perl-Encode-2.51-7.el7.x86_64
Jan 30 05:15:44 Installed: perl-Text-ParseWords-3.29-4.el7.noarch
Jan 30 05:15:44 Installed: perl-Pod-Usage-1.63-3.el7.noarch
Jan 30 05:15:44 Installed: 4:perl-libs-5.16.3-294.el7_6.x86_64
Jan 30 05:15:44 Installed: 4:perl-macros-5.16.3-294.el7_6.x86_64
Jan 30 05:15:44 Installed: 4:perl-Time-HiRes-1.9725-3.el7.x86_64
Jan 30 05:15:44 Installed: perl-Exporter-5.68-3.el7.noarch
Jan 30 05:15:44 Installed: perl-constant-1.27-2.el7.noarch
Jan 30 05:15:44 Installed: perl-Time-Local-1.2300-2.el7.noarch
Jan 30 05:15:45 Installed: perl-Socket-2.010-4.el7.x86_64
Jan 30 05:15:45 Installed: perl-Carp-1.26-244.el7.noarch
Jan 30 05:15:45 Installed: perl-Storable-2.45-3.el7.x86_64
Jan 30 05:15:45 Installed: perl-PathTools-3.40-5.el7.x86_64
Jan 30 05:15:45 Installed: perl-Scalar-List-Utils-1.27-248.el7.x86_64
Jan 30 05:15:45 Installed: perl-File-Temp-0.23.01-3.el7.noarch
Jan 30 05:15:45 Installed: perl-File-Path-2.09-2.el7.noarch
Jan 30 05:15:45 Installed: perl-threads-shared-1.43-6.el7.x86_64
Jan 30 05:15:45 Installed: perl-threads-1.87-4.el7.x86_64
Jan 30 05:15:45 Installed: 1:perl-Pod-Simple-3.28-4.el7.noarch
Jan 30 05:15:45 Installed: perl-Filter-1.49-3.el7.x86_64
Jan 30 05:15:45 Installed: perl-Getopt-Long-2.40-3.el7.noarch
Jan 30 05:15:47 Installed: 4:perl-5.16.3-294.el7_6.x86_64
Jan 30 05:15:47 Installed: 1:perl-Error-0.17020-2.el7.noarch
Jan 30 05:15:47 Installed: perl-TermReadKey-2.30-20.el7.x86_64
Jan 30 05:15:47 Installed: perl-Git-1.8.3.1-20.el7.noarch
Jan 30 05:15:48 Installed: git-1.8.3.1-20.el7.x86_64
Jan 30 05:19:49 Updated: libgcc-4.8.5-36.el7.x86_64
Jan 30 05:19:49 Updated: 1:grub2-common-2.02-0.76.el7.centos.noarch
Jan 30 05:19:50 Updated: 1:grub2-pc-modules-2.02-0.76.el7.centos.noarch
Jan 30 05:19:51 Updated: tzdata-2018i-1.el7.noarch
Jan 30 05:19:56 Updated: glibc-common-2.17-260.el7.x86_64
Jan 30 05:19:57 Updated: glibc-2.17-260.el7.x86_64
Jan 30 05:19:57 Updated: bash-4.2.46-31.el7.x86_64
Jan 30 05:19:57 Updated: libsepol-2.5-10.el7.x86_64
Jan 30 05:19:57 Updated: libselinux-2.5-14.1.el7.x86_64
Jan 30 05:19:57 Updated: zlib-1.2.7-18.el7.x86_64
Jan 30 05:19:57 Updated: audit-libs-2.8.4-4.el7.x86_64
Jan 30 05:19:57 Updated: libcom_err-1.42.9-13.el7.x86_64
Jan 30 05:19:57 Updated: 1:openssl-libs-1.0.2k-16.el7.x86_64
Jan 30 05:19:58 Updated: coreutils-8.22-23.el7.x86_64
Jan 30 05:19:58 Updated: krb5-libs-1.15.1-34.el7.x86_64
Jan 30 05:19:58 Updated: elfutils-libelf-0.172-2.el7.x86_64
Jan 30 05:19:58 Updated: libuuid-2.23.2-59.el7.x86_64
Jan 30 05:19:58 Updated: libblkid-2.23.2-59.el7.x86_64
Jan 30 05:19:58 Updated: centos-release-7-6.1810.2.el7.centos.x86_64
Jan 30 05:19:59 Updated: libmount-2.23.2-59.el7.x86_64
Jan 30 05:19:59 Updated: glib2-2.56.1-2.el7.x86_64
Jan 30 05:20:01 Updated: python-libs-2.7.5-76.el7.x86_64
Jan 30 05:20:01 Updated: python-2.7.5-76.el7.x86_64
Jan 30 05:20:01 Updated: libsemanage-2.5-14.el7.x86_64
Jan 30 05:20:01 Updated: file-libs-5.11-35.el7.x86_64
Jan 30 05:20:01 Updated: file-5.11-35.el7.x86_64
Jan 30 05:20:01 Updated: 1:findutils-4.5.11-6.el7.x86_64
Jan 30 05:20:01 Updated: libstdc++-4.8.5-36.el7.x86_64
Jan 30 05:20:02 Updated: libselinux-python-2.5-14.1.el7.x86_64
Jan 30 05:20:02 Updated: setup-2.8.71-10.el7.noarch
Jan 30 05:20:02 Updated: 2:shadow-utils-4.1.5.1-25.el7.x86_64
Jan 30 05:20:02 Updated: libtirpc-0.2.4-0.15.el7.x86_64
Jan 30 05:20:02 Updated: libbasicobjects-0.1.1-32.el7.x86_64
Jan 30 05:20:02 Updated: libref_array-0.1.5-32.el7.x86_64
Jan 30 05:20:02 Updated: 2:ethtool-4.8-9.el7.x86_64
Jan 30 05:20:02 Updated: libcollection-0.7.0-32.el7.x86_64
Jan 30 05:20:02 Updated: 1:mariadb-libs-5.5.60-1.el7_5.x86_64
Jan 30 05:20:02 Updated: setools-libs-3.3.8-4.el7.x86_64
Jan 30 05:20:03 Updated: libsemanage-python-2.5-14.el7.x86_64
Jan 30 05:20:03 Updated: audit-libs-python-2.8.4-4.el7.x86_64
Jan 30 05:20:03 Updated: python-linux-procfs-0.4.9-4.el7.noarch
Jan 30 05:20:03 Updated: python-urlgrabber-3.10-9.el7.noarch
Jan 30 05:20:03 Updated: python-perf-3.10.0-957.1.3.el7.x86_64
Jan 30 05:20:03 Updated: grubby-8.28-25.el7.x86_64
Jan 30 05:20:03 Updated: logrotate-3.8.6-17.el7.x86_64
Jan 30 05:20:03 Updated: nss-pem-1.0.3-5.el7.x86_64
Jan 30 05:20:03 Updated: nss-3.36.0-7.el7_5.x86_64
Jan 30 05:20:03 Updated: nss-sysinit-3.36.0-7.el7_5.x86_64
Jan 30 05:20:03 Updated: nss-tools-3.36.0-7.el7_5.x86_64
Jan 30 05:20:04 Updated: binutils-2.27-34.base.el7.x86_64
Jan 30 05:20:04 Updated: libssh2-1.4.3-12.el7.x86_64
Jan 30 05:20:04 Updated: libcurl-7.29.0-51.el7.x86_64
Jan 30 05:20:04 Updated: curl-7.29.0-51.el7.x86_64
Jan 30 05:20:04 Updated: rpm-libs-4.11.3-35.el7.x86_64
Jan 30 05:20:05 Updated: rpm-4.11.3-35.el7.x86_64
Jan 30 05:20:05 Updated: openldap-2.4.44-20.el7.x86_64
Jan 30 05:20:05 Updated: gnupg2-2.0.22-5.el7_5.x86_64
Jan 30 05:20:05 Updated: rpm-build-libs-4.11.3-35.el7.x86_64
Jan 30 05:20:05 Updated: rpm-python-4.11.3-35.el7.x86_64
Jan 30 05:20:05 Updated: yum-plugin-fastestmirror-1.1.31-50.el7.noarch
Jan 30 05:20:05 Updated: yum-3.4.3-161.el7.centos.noarch
Jan 30 05:20:05 Updated: e2fsprogs-libs-1.42.9-13.el7.x86_64
Jan 30 05:20:05 Updated: libss-1.42.9-13.el7.x86_64
Jan 30 05:20:06 Updated: e2fsprogs-1.42.9-13.el7.x86_64
Jan 30 05:20:06 Updated: GeoIP-1.5.0-13.el7.x86_64
Jan 30 05:20:06 Installed: 2:libpng-1.5.13-7.el7_2.x86_64
Jan 30 05:20:06 Updated: freetype-2.8-12.el7.x86_64
Jan 30 05:20:06 Updated: kmod-libs-20-23.el7.x86_64
Jan 30 05:20:06 Updated: libselinux-utils-2.5-14.1.el7.x86_64
Jan 30 05:20:06 Updated: 2:tar-1.26-35.el7.x86_64
Jan 30 05:20:06 Updated: 2:vim-minimal-7.4.160-5.el7.x86_64
Jan 30 08:51:29 Installed: libxslt-1.1.28-5.el7.x86_64
Jan 30 08:51:29 Installed: libjpeg-turbo-1.2.90-6.el7.x86_64
Jan 30 08:51:29 Installed: fontpackages-filesystem-1.44-8.el7.noarch
Jan 30 08:51:29 Installed: libICE-1.0.9-9.el7.x86_64
Jan 30 08:51:29 Installed: libSM-1.2.2-2.el7.x86_64
Jan 30 08:51:29 Installed: dejavu-fonts-common-2.33-6.el7.noarch
Jan 30 08:51:30 Installed: dejavu-sans-fonts-2.33-6.el7.noarch
Jan 30 08:51:31 Installed: fontconfig-2.13.0-4.3.el7.x86_64
Jan 30 08:51:31 Installed: python-lxml-3.2.1-4.el7.x86_64
Jan 30 08:51:31 Installed: python-javapackages-3.4.1-11.el7.noarch
Jan 30 08:51:31 Installed: javapackages-tools-3.4.1-11.el7.noarch
Jan 30 08:51:31 Installed: libfontenc-1.1.3-3.el7.x86_64
Jan 30 08:51:31 Installed: 1:xorg-x11-font-utils-7.5-21.el7.x86_64
Jan 30 08:51:31 Installed: libX11-common-1.6.5-2.el7.noarch
Jan 30 08:51:31 Installed: libXau-1.0.8-2.1.el7.x86_64
Jan 30 08:51:31 Installed: libxcb-1.13-1.el7.x86_64
Jan 30 08:51:31 Installed: libX11-1.6.5-2.el7.x86_64
Jan 30 08:51:31 Installed: libXext-1.3.3-3.el7.x86_64
Jan 30 08:51:32 Installed: libXi-1.7.9-1.el7.x86_64
Jan 30 08:51:32 Installed: libXtst-1.2.3-1.el7.x86_64
Jan 30 08:51:32 Installed: giflib-4.1.6-9.el7.x86_64
Jan 30 08:51:32 Installed: libXrender-0.9.10-1.el7.x86_64
Jan 30 08:51:32 Installed: libXcomposite-0.4.4-4.1.el7.x86_64
Jan 30 08:51:32 Installed: lksctp-tools-1.0.17-2.el7.x86_64
Jan 30 08:51:32 Installed: alsa-lib-1.1.6-2.el7.x86_64
Jan 30 08:51:32 Installed: copy-jdk-configs-3.3-10.el7_5.noarch
Jan 30 08:51:32 Installed: ttmkfdir-3.0.9-42.el7.x86_64
Jan 30 08:51:32 Installed: xorg-x11-fonts-Type1-7.5-9.el7.noarch
Jan 30 08:51:32 Installed: tzdata-java-2018i-1.el7.noarch
Jan 30 08:51:37 Installed: 1:java-1.8.0-openjdk-headless-1.8.0.191.b12-1.el7_6.x86_64
Jan 30 08:51:37 Installed: 1:java-1.8.0-openjdk-1.8.0.191.b12-1.el7_6.x86_64
Jan 30 08:51:39 Installed: 1:java-1.8.0-openjdk-devel-1.8.0.191.b12-1.el7_6.x86_64
Jan 30 08:51:39 Installed: wget-1.14-18.el7.x86_64
Jan 30 09:17:15 Installed: jenkins-2.162-1.1.noarch
Jan 31 07:37:37 Installed: epel-release-7-11.noarch
Jan 31 07:38:37 Installed: libXfixes-5.0.3-1.el7.x86_64
Jan 31 07:38:37 Installed: mesa-libglapi-18.0.5-3.el7.x86_64
Jan 31 07:38:37 Installed: libXdamage-1.1.4-4.1.el7.x86_64
Jan 31 07:38:37 Installed: libxshmfence-1.2-1.el7.x86_64
Jan 31 07:38:37 Installed: atk-2.28.1-1.el7.x86_64
Jan 31 07:38:37 Installed: 1:libglvnd-1.0.1-0.8.git5baa1e5.el7.x86_64
Jan 31 07:38:37 Installed: libwayland-server-1.15.0-1.el7.x86_64
Jan 31 07:38:37 Installed: libXcursor-1.1.15-1.el7.x86_64
Jan 31 07:38:37 Installed: graphite2-1.3.10-1.el7_3.x86_64
Jan 31 07:38:37 Installed: harfbuzz-1.7.5-2.el7.x86_64
Jan 31 07:38:38 Installed: jasper-libs-1.900.1-33.el7.x86_64
Jan 31 07:38:38 Installed: jbigkit-libs-2.0-11.el7.x86_64
Jan 31 07:38:38 Installed: libtiff-4.0.3-27.el7_3.x86_64
Jan 31 07:38:38 Installed: gdk-pixbuf2-2.36.12-3.el7.x86_64
Jan 31 07:38:38 Installed: gtk-update-icon-cache-3.22.30-3.el7.x86_64
Jan 31 07:38:38 Installed: pixman-0.34.0-1.el7.x86_64
Jan 31 07:38:38 Installed: libXrandr-1.5.1-2.el7.x86_64
Jan 31 07:38:38 Installed: fribidi-1.0.2-1.el7.x86_64
Jan 31 07:38:38 Installed: hicolor-icon-theme-0.12-7.el7.noarch
Jan 31 07:38:38 Installed: libXft-2.3.2-2.el7.x86_64
Jan 31 07:38:38 Installed: libthai-0.1.14-9.el7.x86_64
Jan 31 07:38:38 Installed: avahi-libs-0.6.31-19.el7.x86_64
Jan 31 07:38:38 Installed: 1:cups-libs-1.6.3-35.el7.x86_64
Jan 31 07:38:38 Installed: libXxf86vm-1.1.4-1.el7.x86_64
Jan 31 07:38:39 Installed: libXinerama-1.1.3-2.1.el7.x86_64
Jan 31 07:38:39 Installed: libwayland-client-1.15.0-1.el7.x86_64
Jan 31 07:38:39 Installed: libpciaccess-0.14-1.el7.x86_64
Jan 31 07:38:39 Installed: libdrm-2.4.91-3.el7.x86_64
Jan 31 07:38:39 Installed: 1:libglvnd-glx-1.0.1-0.8.git5baa1e5.el7.x86_64
Jan 31 07:38:39 Installed: mesa-libGL-18.0.5-3.el7.x86_64
Jan 31 07:38:39 Installed: mesa-libgbm-18.0.5-3.el7.x86_64
Jan 31 07:38:39 Installed: 1:libglvnd-egl-1.0.1-0.8.git5baa1e5.el7.x86_64
Jan 31 07:38:39 Installed: mesa-libEGL-18.0.5-3.el7.x86_64
Jan 31 07:38:39 Installed: cairo-1.15.12-3.el7.x86_64
Jan 31 07:38:39 Installed: pango-1.42.4-1.el7.x86_64
Jan 31 07:38:40 Installed: gtk2-2.24.31-1.el7.x86_64
Jan 31 07:38:40 Installed: putty-0.70-2.el7.x86_64
Jan 31 10:38:49 Installed: jfrog-artifactory-oss-6.7.1-60701900.noarch
Feb 01 07:42:42 Installed: sonar-7.1-1.noarch
Feb 04 06:24:47 Updated: policycoreutils-2.5-29.el7_6.1.x86_64
Feb 04 06:24:47 Installed: libaio-0.3.109-13.el7.x86_64
Feb 04 06:24:55 Updated: selinux-policy-3.13.1-229.el7_6.9.noarch
Feb 04 06:24:55 Updated: 7:device-mapper-libs-1.02.149-10.el7_6.3.x86_64
Feb 04 06:24:55 Updated: 7:device-mapper-1.02.149-10.el7_6.3.x86_64
Feb 04 06:24:55 Installed: 7:device-mapper-event-libs-1.02.149-10.el7_6.3.x86_64
Feb 04 06:24:55 Installed: yajl-2.0.4-4.el7.x86_64
Feb 04 06:24:55 Installed: 1:oci-systemd-hook-0.1.18-2.git3efe246.el7.x86_64
Feb 04 06:24:55 Installed: 2:oci-umount-2.3.4-2.git87f9237.el7.x86_64
Feb 04 06:24:56 Installed: 7:device-mapper-event-1.02.149-10.el7_6.3.x86_64
Feb 04 06:24:56 Installed: 7:lvm2-libs-2.02.180-10.el7_6.3.x86_64
Feb 04 06:25:08 Updated: selinux-policy-targeted-3.13.1-229.el7_6.9.noarch
Feb 04 06:25:09 Installed: device-mapper-persistent-data-0.7.3-3.el7.x86_64
Feb 04 06:25:09 Installed: 7:lvm2-2.02.180-10.el7_6.3.x86_64
Feb 04 06:25:09 Installed: container-storage-setup-0.11.0-2.git5eaf76c.el7.noarch
Feb 04 06:25:09 Updated: policycoreutils-python-2.5-29.el7_6.1.x86_64
Feb 04 06:25:21 Installed: 2:container-selinux-2.74-1.el7.noarch
Feb 04 06:25:21 Installed: 1:oci-register-machine-0-6.git2b44233.el7.x86_64
Feb 04 06:25:21 Installed: python-pytoml-0.1.14-1.git7dea353.el7.noarch
Feb 04 06:25:21 Installed: 1:atomic-registries-1.22.1-26.gitb507039.el7.centos.x86_64
Feb 04 06:25:21 Installed: subscription-manager-rhsm-certificates-1.21.10-3.el7.centos.x86_64
Feb 04 06:25:21 Installed: 1:containers-common-0.1.31-7.gitb0b750d.el7.centos.x86_64
Feb 04 06:25:21 Installed: 2:docker-common-1.13.1-88.git07f3374.el7.centos.x86_64
Feb 04 06:25:22 Installed: 2:docker-client-1.13.1-88.git07f3374.el7.centos.x86_64
Feb 04 06:25:25 Installed: 2:docker-1.13.1-88.git07f3374.el7.centos.x86_64
Feb 06 09:57:33 Erased: 2:docker-1.13.1-88.git07f3374.el7.centos.x86_64
Feb 06 09:57:33 Erased: 2:docker-client-1.13.1-88.git07f3374.el7.centos.x86_64
Feb 06 09:57:33 Erased: 2:docker-common-1.13.1-88.git07f3374.el7.centos.x86_64
Feb 06 09:57:33 Erased: 2:container-selinux-2.74-1.el7.noarch
Feb 06 09:59:56 Updated: 1:grub2-common-2.02-0.76.el7.centos.1.noarch
Feb 06 09:59:57 Updated: glibc-2.17-260.el7_6.3.x86_64
Feb 06 10:00:02 Updated: glibc-common-2.17-260.el7_6.3.x86_64
Feb 06 10:00:02 Updated: krb5-libs-1.15.1-37.el7_6.x86_64
Feb 06 10:00:02 Updated: nss-util-3.36.0-1.1.el7_6.x86_64
Feb 06 10:00:02 Updated: mesa-libglapi-18.0.5-4.el7_6.x86_64
Feb 06 10:00:03 Installed: 1:grub2-tools-minimal-2.02-0.76.el7.centos.1.x86_64
Feb 06 10:00:03 Updated: mesa-libgbm-18.0.5-4.el7_6.x86_64
Feb 06 10:00:03 Updated: nss-3.36.0-7.1.el7_6.x86_64
Feb 06 10:00:03 Updated: nss-sysinit-3.36.0-7.1.el7_6.x86_64
Feb 06 10:00:03 Updated: nss-tools-3.36.0-7.1.el7_6.x86_64
Feb 06 10:00:03 Updated: openldap-2.4.44-21.el7_6.x86_64
Feb 06 10:00:03 Updated: 1:dmidecode-3.1-2.el7.x86_64
Feb 06 10:00:03 Installed: libsmartcols-2.23.2-59.el7.x86_64
Feb 06 10:00:03 Updated: kernel-tools-libs-3.10.0-957.5.1.el7.x86_64
Feb 06 10:00:03 Updated: libpath_utils-0.2.1-32.el7.x86_64
Feb 06 10:00:03 Updated: libini_config-1.3.1-32.el7.x86_64
Feb 06 10:00:03 Updated: libfastjson-0.99.4-3.el7.x86_64
Feb 06 10:00:04 Updated: python-perf-3.10.0-957.5.1.el7.x86_64
Feb 06 10:00:04 Updated: freetype-2.8-12.el7_6.1.x86_64
Feb 06 10:00:04 Updated: kpartx-0.4.9-123.el7.x86_64
Feb 06 10:00:04 Updated: sg3_utils-libs-1.37-17.el7.x86_64
Feb 06 10:00:04 Updated: libteam-1.27-5.el7.x86_64
Feb 06 10:00:04 Installed: json-c-0.11-4.el7_0.x86_64
Feb 06 10:00:04 Updated: cryptsetup-libs-2.0.3-3.el7.x86_64
Feb 06 10:00:04 Updated: procps-ng-3.3.10-23.el7.x86_64
Feb 06 10:00:04 Updated: util-linux-2.23.2-59.el7.x86_64
Feb 06 10:00:05 Updated: dracut-033-554.el7.x86_64
Feb 06 10:00:05 Updated: kmod-20-23.el7.x86_64
Feb 06 10:00:05 Updated: elfutils-libs-0.172-2.el7.x86_64
Feb 06 10:00:05 Updated: systemd-libs-219-62.el7_6.3.x86_64
Feb 06 10:00:05 Updated: 1:dbus-libs-1.10.24-12.el7.x86_64
Feb 06 10:00:07 Updated: systemd-219-62.el7_6.3.x86_64
Feb 06 10:00:07 Updated: 1:dbus-1.10.24-12.el7.x86_64
Feb 06 10:00:07 Updated: elfutils-default-yama-scope-0.172-2.el7.noarch
Feb 06 10:00:07 Updated: systemd-sysv-219-62.el7_6.3.x86_64
Feb 06 10:00:07 Updated: initscripts-9.49.46-1.el7.x86_64
Feb 06 10:00:08 Updated: net-tools-2.0-0.24.20131004git.el7.x86_64
Feb 06 10:00:08 Installed: 1:grub2-tools-2.02-0.76.el7.centos.1.x86_64
Feb 06 10:00:08 Installed: 1:grub2-tools-extra-2.02-0.76.el7.centos.1.x86_64
Feb 06 10:00:08 Updated: rpcbind-0.2.0-47.el7.x86_64
Feb 06 10:00:09 Updated: polkit-0.112-18.el7.x86_64
Feb 06 10:00:09 Updated: cronie-1.4.11-20.el7_6.x86_64
Feb 06 10:00:09 Updated: cronie-anacron-1.4.11-20.el7_6.x86_64
Feb 06 10:00:09 Updated: gssproxy-0.7.0-21.el7.x86_64
Feb 06 10:00:09 Updated: dracut-network-033-554.el7.x86_64
Feb 06 10:00:09 Updated: 1:grub2-pc-modules-2.02-0.76.el7.centos.1.noarch
Feb 06 10:00:09 Updated: 1:grub2-pc-2.02-0.76.el7.centos.1.x86_64
Feb 06 10:00:09 Updated: 32:bind-license-9.9.4-73.el7_6.noarch
Feb 06 10:00:10 Updated: kbd-misc-1.15.5-15.el7.noarch
Feb 06 10:00:10 Updated: kbd-legacy-1.15.5-15.el7.noarch
Feb 06 10:00:10 Updated: kbd-1.15.5-15.el7.x86_64
Feb 06 10:00:10 Updated: 32:bind-libs-lite-9.9.4-73.el7_6.x86_64
Feb 06 10:00:10 Installed: 1:grub2-2.02-0.76.el7.centos.1.x86_64
Feb 06 10:00:11 Updated: kexec-tools-2.0.15-21.el7.x86_64
Feb 06 10:00:11 Updated: 1:nfs-utils-1.3.0-0.61.el7.x86_64
Feb 06 10:00:11 Updated: tuned-2.10.0-6.el7.noarch
Feb 06 10:00:12 Updated: cloud-init-18.2-1.el7.centos.1.x86_64
Feb 06 10:00:17 Updated: jfrog-artifactory-oss-6.7.2-60702900.noarch
Feb 06 10:00:22 Installed: kernel-3.10.0-957.5.1.el7.x86_64
Feb 06 10:00:22 Updated: audit-2.8.4-4.el7.x86_64
Feb 06 10:00:23 Updated: 1:wpa_supplicant-2.6-12.el7.x86_64
Feb 06 10:00:24 Updated: 2:postfix-2.10.1-7.el7.x86_64
Feb 06 10:00:25 Updated: rsyslog-8.24.0-34.el7.x86_64
Feb 06 10:00:25 Updated: libcgroup-0.41-20.el7.x86_64
Feb 06 10:00:25 Updated: hwdata-0.252-9.1.el7.x86_64
Feb 06 10:00:28 Updated: 2:microcode_ctl-2.1-47.el7.x86_64
Feb 06 10:00:28 Updated: 10:qemu-guest-agent-2.12.0-2.el7.x86_64
Feb 06 10:00:28 Updated: teamd-1.27-5.el7.x86_64
Feb 06 10:00:28 Updated: dracut-config-generic-033-554.el7.x86_64
Feb 06 10:00:28 Updated: dracut-config-rescue-033-554.el7.x86_64
Feb 06 10:00:29 Updated: jenkins-2.163-1.1.noarch
Feb 06 10:00:29 Updated: sg3_utils-1.37-17.el7.x86_64
Feb 06 10:00:29 Updated: kernel-tools-3.10.0-957.5.1.el7.x86_64
Feb 06 10:00:29 Updated: sudo-1.8.23-3.el7.x86_64
Feb 06 10:00:29 Updated: mesa-libEGL-18.0.5-4.el7_6.x86_64
Feb 06 10:00:29 Updated: mesa-libGL-18.0.5-4.el7_6.x86_64
Feb 06 10:00:29 Updated: 1:openssl-1.0.2k-16.el7.x86_64
Feb 06 10:00:30 Updated: libgomp-4.8.5-36.el7.x86_64
Feb 06 10:00:30 Updated: checkpolicy-2.5-8.el7.x86_64
Feb 06 10:00:30 Updated: gobject-introspection-1.56.1-1.el7.x86_64
Feb 06 10:00:30 Updated: libcroco-0.6.12-4.el7.x86_64
Feb 06 10:00:30 Updated: iptables-1.4.21-28.el7.x86_64
Feb 06 10:00:30 Updated: xfsprogs-4.5.0-18.el7.x86_64
Feb 06 10:00:30 Updated: man-db-2.6.3-11.el7.x86_64
Feb 06 10:00:32 Updated: iwl7265-firmware-22.0.7.0-69.el7.noarch
Feb 06 10:00:32 Updated: yum-utils-1.1.31-50.el7.noarch
Feb 06 10:05:12 Installed: containerd.io-1.2.2-3.el7.x86_64
Feb 06 10:05:12 Installed: libtool-ltdl-2.4.2-22.el7_3.x86_64
Feb 06 10:05:14 Installed: 1:docker-ce-cli-18.09.1-3.el7.x86_64
Feb 06 10:05:43 Installed: 2:container-selinux-2.74-1.el7.noarch
Feb 06 10:05:46 Installed: 3:docker-ce-18.09.1-3.el7.x86_64
Feb 06 10:45:50 Installed: kubectl-1.13.3-0.x86_64
Feb 06 10:49:33 Erased: kubectl-1.13.3-0.x86_64
Feb 06 10:49:52 Erased: 1:atomic-registries-1.22.1-26.gitb507039.el7.centos.x86_64
Feb 06 10:49:52 Erased: container-storage-setup-0.11.0-2.git5eaf76c.el7.noarch
Feb 06 10:49:52 Erased: 7:lvm2-2.02.180-10.el7_6.3.x86_64
Feb 06 10:49:52 Erased: 7:lvm2-libs-2.02.180-10.el7_6.3.x86_64
Feb 06 10:49:52 Erased: 7:device-mapper-event-1.02.149-10.el7_6.3.x86_64
Feb 06 10:49:52 Erased: device-mapper-persistent-data-0.7.3-3.el7.x86_64
Feb 06 10:49:52 Erased: 1:oci-systemd-hook-0.1.18-2.git3efe246.el7.x86_64
Feb 06 10:49:52 Erased: 2:oci-umount-2.3.4-2.git87f9237.el7.x86_64
Feb 06 10:49:52 Erased: python-pytoml-0.1.14-1.git7dea353.el7.noarch
Feb 06 10:49:52 Erased: subscription-manager-rhsm-certificates-1.21.10-3.el7.centos.x86_64
Feb 06 10:49:52 Erased: 1:containers-common-0.1.31-7.gitb0b750d.el7.centos.x86_64
Feb 06 10:49:52 Erased: yajl-2.0.4-4.el7.x86_64
Feb 06 10:49:52 Erased: libaio-0.3.109-13.el7.x86_64
Feb 06 10:49:52 Erased: 7:device-mapper-event-libs-1.02.149-10.el7_6.3.x86_64
Feb 06 10:49:52 Erased: 1:oci-register-machine-0-6.git2b44233.el7.x86_64
Feb 06 12:09:34 Erased: jenkins-2.163-1.1.noarch
